<?xml version="1.0" encoding="UTF-8"?>
<!-- Generated by org.testng.reporters.JUnitReportReporter -->
<testsuite hostname="LAPTOP-M88C31OC" failures="0" tests="2" name="maheshacademy.tests.StandAloneDesign" time="53.277" errors="0" timestamp="2025-07-28T04:39:38 IST" skipped="0">
  <testcase classname="maheshacademy.tests.StandAloneDesign" name="submitOrder" time="25.208"/>
  <testcase classname="maheshacademy.tests.StandAloneDesign" name="submitOrder" time="28.069"/>
</testsuite> <!-- maheshacademy.tests.StandAloneDesign -->
