<?xml version="1.0" encoding="UTF-8"?>
<!-- Generated by org.testng.reporters.JUnitReportReporter -->
<testsuite hostname="LAPTOP-M88C31OC" failures="0" tests="1" name="maheshacademy.tests.ErrorValidation" time="19.286" errors="0" timestamp="2025-07-22T19:03:19 IST" skipped="0">
  <testcase classname="maheshacademy.tests.ErrorValidation" name="startTest" time="19.286"/>
</testsuite> <!-- maheshacademy.tests.ErrorValidation -->
