<?xml version="1.0" encoding="UTF-8"?>
<!-- Generated by org.testng.reporters.JUnitReportReporter -->
<testsuite hostname="LAPTOP-M88C31OC" failures="0" tests="1" name="cucumber.TestNGTestRunner" time="32.817" errors="0" timestamp="2025-08-05T07:23:34 IST" skipped="0">
  <testcase classname="cucumber.TestNGTestRunner" name="runScenario" time="32.817"/>
</testsuite> <!-- cucumber.TestNGTestRunner -->
