<?xml version="1.0" encoding="UTF-8"?>
<!-- Generated by org.testng.reporters.JUnitReportReporter -->
<testsuite hostname="LAPTOP-M88C31OC" failures="0" tests="2" name="maheshacademy.tests.StandAloneDesign" time="94.296" errors="0" timestamp="2025-07-28T07:57:49 IST" skipped="0">
  <testcase classname="maheshacademy.tests.StandAloneDesign" name="submitOrder" time="36.001"/>
  <testcase classname="maheshacademy.tests.StandAloneDesign" name="submitOrder" time="58.295"/>
</testsuite> <!-- maheshacademy.tests.StandAloneDesign -->
